<?xml version="1.0" encoding="UTF-8"?>
<!-- Generated by org.testng.reporters.JUnitXMLReporter -->
<testsuite ignored="0" hostname="DESKTOP-OEQE97C" failures="1" tests="1" name="add to wishlist" time="10.855" errors="0" timestamp="2024-06-06T14:29:37 EET">
  <testcase classname="testcases.TC06_Add_to_wishlist" name="Add_product_to_wishlist" time="4.387">
    <failure type="org.openqa.selenium.ElementNotInteractableException" message="element not interactable
  (Session info: MicrosoftEdge=125.0.2535.85)
Build info: version: &amp;apos;4.21.0&amp;apos;, revision: &amp;apos;79ed462ef4&amp;apos;
System info: os.name: &amp;apos;Windows 10&amp;apos;, os.arch: &amp;apos;amd64&amp;apos;, os.version: &amp;apos;10.0&amp;apos;, java.version: &amp;apos;11.0.22&amp;apos;
Driver info: org.openqa.selenium.edge.EdgeDriver
Command: [fcda38b7481cd5895cbc54195a3e8bdc, clickElement {id=f.BF313004F336AD97B1E2CEC21ECDF69E.d.0DF551416FF924C49BCCEEC0BD3E700E.e.52}]
Capabilities {acceptInsecureCerts: false, browserName: MicrosoftEdge, browserVersion: 125.0.2535.85, fedcm:accounts: true, ms:edgeOptions: {debuggerAddress: localhost:63268}, msedge: {msedgedriverVersion: 125.0.2535.85 (e6ab02d819c1..., userDataDir: C:\Users\windows\AppData\Lo...}, networkConnectionEnabled: false, pageLoadStrategy: normal, platformName: windows, proxy: Proxy(), se:cdp: ws://localhost:63268/devtoo..., se:cdpVersion: 125.0.2535.85, setWindowRect: true, strictFileInteractability: false, timeouts: {implicit: 0, pageLoad: 300000, script: 30000}, unhandledPromptBehavior: dismiss and notify, webauthn:extension:credBlob: true, webauthn:extension:largeBlob: true, webauthn:extension:minPinLength: true, webauthn:extension:prf: true, webauthn:virtualAuthenticators: true}
Element: [[EdgeDriver: MicrosoftEdge on windows (fcda38b7481cd5895cbc54195a3e8bdc)] -&amp;gt; xpath: //ul[@class=&amp;apos;top-menu notmobile&amp;apos;]//a[normalize-space()=&amp;apos;Digital downloads&amp;apos;]]
Session ID: fcda38b7481cd5895cbc54195a3e8bdc">
      <![CDATA[org.openqa.selenium.ElementNotInteractableException: element not interactable
  (Session info: MicrosoftEdge=125.0.2535.85)
Build info: version: '4.21.0', revision: '79ed462ef4'
System info: os.name: 'Windows 10', os.arch: 'amd64', os.version: '10.0', java.version: '11.0.22'
Driver info: org.openqa.selenium.edge.EdgeDriver
Command: [fcda38b7481cd5895cbc54195a3e8bdc, clickElement {id=f.BF313004F336AD97B1E2CEC21ECDF69E.d.0DF551416FF924C49BCCEEC0BD3E700E.e.52}]
Capabilities {acceptInsecureCerts: false, browserName: MicrosoftEdge, browserVersion: 125.0.2535.85, fedcm:accounts: true, ms:edgeOptions: {debuggerAddress: localhost:63268}, msedge: {msedgedriverVersion: 125.0.2535.85 (e6ab02d819c1..., userDataDir: C:\Users\windows\AppData\Lo...}, networkConnectionEnabled: false, pageLoadStrategy: normal, platformName: windows, proxy: Proxy(), se:cdp: ws://localhost:63268/devtoo..., se:cdpVersion: 125.0.2535.85, setWindowRect: true, strictFileInteractability: false, timeouts: {implicit: 0, pageLoad: 300000, script: 30000}, unhandledPromptBehavior: dismiss and notify, webauthn:extension:credBlob: true, webauthn:extension:largeBlob: true, webauthn:extension:minPinLength: true, webauthn:extension:prf: true, webauthn:virtualAuthenticators: true}
Element: [[EdgeDriver: MicrosoftEdge on windows (fcda38b7481cd5895cbc54195a3e8bdc)] -> xpath: //ul[@class='top-menu notmobile']//a[normalize-space()='Digital downloads']]
Session ID: fcda38b7481cd5895cbc54195a3e8bdc
at org.openqa.selenium.remote.ErrorCodec.decode(ErrorCodec.java:167)
at org.openqa.selenium.remote.codec.w3c.W3CHttpResponseCodec.decode(W3CHttpResponseCodec.java:138)
at org.openqa.selenium.remote.codec.w3c.W3CHttpResponseCodec.decode(W3CHttpResponseCodec.java:50)
at org.openqa.selenium.remote.HttpCommandExecutor.execute(HttpCommandExecutor.java:190)
at org.openqa.selenium.remote.service.DriverCommandExecutor.invokeExecute(DriverCommandExecutor.java:216)
at org.openqa.selenium.remote.service.DriverCommandExecutor.execute(DriverCommandExecutor.java:174)
at org.openqa.selenium.remote.RemoteWebDriver.execute(RemoteWebDriver.java:518)
at org.openqa.selenium.remote.RemoteWebElement.execute(RemoteWebElement.java:223)
at org.openqa.selenium.remote.RemoteWebElement.click(RemoteWebElement.java:76)
at pages.P05_Add_product_Page.click_on_category(P05_Add_product_Page.java:31)
at testcases.TC06_Add_to_wishlist.Add_product_to_wishlist(TC06_Add_to_wishlist.java:24)
at java.base/java.util.ArrayList.forEach(ArrayList.java:1541)
at com.intellij.rt.testng.IDEARemoteTestNG.run(IDEARemoteTestNG.java:65)
at com.intellij.rt.testng.RemoteTestNGStarter.main(RemoteTestNGStarter.java:105)
... Removed 29 stack frames]]>
    </failure>
  </testcase> <!-- Add_product_to_wishlist -->
</testsuite> <!-- add to wishlist -->
